1660233744974	geckodriver	INFO	Listening on 127.0.0.1:60151
1660233745497	mozrunner::runner	INFO	Running command: "/Applications/Firefox.app/Contents/MacOS/firefox-bin" "--marionette" "--remote-debugging-port" "60152" "--remote-allow-hosts" "localhost" "-foreground" "-no-remote" "-profile" "/var/folders/b4/kr9ljq_j5y58cyyxtwq1zh6h0000gn/T/rust_mozprofiley7y1fJ"
2022-08-11 11:02:26.154 plugin-container[45438:1337208] nil host used in call to allowsSpecificHTTPSCertificateForHost
2022-08-11 11:02:26.154 plugin-container[45438:1337208] nil host used in call to allowsAnyHTTPSCertificateForHost:
1660233746191	Marionette	INFO	Marionette enabled
1660233746231	Marionette	INFO	Listening on port 60159
WebDriver BiDi listening on ws://localhost:60152
Read port: 60159
2022-08-11 11:02:26.251 plugin-container[45438:1337208] nil host used in call to allowsSpecificHTTPSCertificateForHost
2022-08-11 11:02:26.251 plugin-container[45438:1337208] nil host used in call to allowsAnyHTTPSCertificateForHost:
2022-08-11 11:02:26.251 plugin-container[45438:1337206] nil host used in call to allowsSpecificHTTPSCertificateForHost
2022-08-11 11:02:26.251 plugin-container[45438:1337206] nil host used in call to allowsAnyHTTPSCertificateForHost:
1660233746437	RemoteAgent	WARN	TLS certificate errors will be ignored for this session
console.warn: SearchSettings: "get: No settings file exists, new profile?" (new NotFoundError("Could not open the file at /var/folders/b4/kr9ljq_j5y58cyyxtwq1zh6h0000gn/T/rust_mozprofiley7y1fJ/search.json.mozlz4", (void 0)))
DevTools listening on ws://localhost:60152/devtools/browser/d5a507f9-f844-4fb3-8cc6-c63af15b037b
1660233999880	geckodriver	INFO	Listening on 127.0.0.1:60296
1660234000403	mozrunner::runner	INFO	Running command: "/Applications/Firefox.app/Contents/MacOS/firefox-bin" "--marionette" "--remote-debugging-port" "60297" "--remote-allow-hosts" "localhost" "-foreground" "-no-remote" "-profile" "/var/folders/b4/kr9ljq_j5y58cyyxtwq1zh6h0000gn/T/rust_mozprofile6opnP6"
2022-08-11 11:06:40.854 plugin-container[46191:1342246] nil host used in call to allowsSpecificHTTPSCertificateForHost
2022-08-11 11:06:40.854 plugin-container[46191:1342246] nil host used in call to allowsAnyHTTPSCertificateForHost:
2022-08-11 11:06:40.859 plugin-container[46191:1342246] nil host used in call to allowsSpecificHTTPSCertificateForHost
2022-08-11 11:06:40.859 plugin-container[46191:1342246] nil host used in call to allowsAnyHTTPSCertificateForHost:
2022-08-11 11:06:40.860 plugin-container[46191:1342256] nil host used in call to allowsSpecificHTTPSCertificateForHost
2022-08-11 11:06:40.860 plugin-container[46191:1342256] nil host used in call to allowsAnyHTTPSCertificateForHost:
1660234000875	Marionette	INFO	Marionette enabled
1660234000906	Marionette	INFO	Listening on port 60305
WebDriver BiDi listening on ws://localhost:60297
Read port: 60305
1660234001350	RemoteAgent	WARN	TLS certificate errors will be ignored for this session
console.warn: SearchSettings: "get: No settings file exists, new profile?" (new NotFoundError("Could not open the file at /var/folders/b4/kr9ljq_j5y58cyyxtwq1zh6h0000gn/T/rust_mozprofile6opnP6/search.json.mozlz4", (void 0)))
DevTools listening on ws://localhost:60297/devtools/browser/557a5bc4-8efc-4a3e-b740-8bab39bb965b
JavaScript error: resource://gre/modules/URIFixup.jsm, line 278: NS_ERROR_FAILURE: Should pass a non-null uri
console.warn: LoginRecipes: "getRecipes: falling back to a synchronous message for:" "https://www.google.com"
1660234045746	Marionette	INFO	Stopped listening on port 60305
1660234094345	geckodriver	INFO	Listening on 127.0.0.1:60378
1660234094356	mozrunner::runner	INFO	Running command: "/Applications/Firefox.app/Contents/MacOS/firefox-bin" "--marionette" "--remote-debugging-port" "60379" "--remote-allow-hosts" "localhost" "-foreground" "-no-remote" "-profile" "/var/folders/b4/kr9ljq_j5y58cyyxtwq1zh6h0000gn/T/rust_mozprofilerKtVCs"
2022-08-11 11:08:14.942 plugin-container[46562:1344150] nil host used in call to allowsSpecificHTTPSCertificateForHost
2022-08-11 11:08:14.943 plugin-container[46562:1344150] nil host used in call to allowsAnyHTTPSCertificateForHost:
2022-08-11 11:08:14.952 plugin-container[46562:1344150] nil host used in call to allowsSpecificHTTPSCertificateForHost
2022-08-11 11:08:14.952 plugin-container[46562:1344150] nil host used in call to allowsAnyHTTPSCertificateForHost:
2022-08-11 11:08:14.953 plugin-container[46562:1344147] nil host used in call to allowsSpecificHTTPSCertificateForHost
2022-08-11 11:08:14.953 plugin-container[46562:1344147] nil host used in call to allowsAnyHTTPSCertificateForHost:
1660234094958	Marionette	INFO	Marionette enabled
1660234094989	Marionette	INFO	Listening on port 60384
WebDriver BiDi listening on ws://localhost:60379
Read port: 60384
1660234095319	RemoteAgent	WARN	TLS certificate errors will be ignored for this session
console.warn: SearchSettings: "get: No settings file exists, new profile?" (new NotFoundError("Could not open the file at /var/folders/b4/kr9ljq_j5y58cyyxtwq1zh6h0000gn/T/rust_mozprofilerKtVCs/search.json.mozlz4", (void 0)))
DevTools listening on ws://localhost:60379/devtools/browser/018d2c58-946c-4492-bfd8-edcec9b25e67
JavaScript error: resource://gre/modules/URIFixup.jsm, line 278: NS_ERROR_FAILURE: Should pass a non-null uri
console.warn: LoginRecipes: "getRecipes: falling back to a synchronous message for:" "https://www.google.com"
1660234105841	Marionette	INFO	Stopped listening on port 60384
1660234145788	geckodriver	INFO	Listening on 127.0.0.1:60444
1660234146303	mozrunner::runner	INFO	Running command: "/Applications/Firefox.app/Contents/MacOS/firefox-bin" "--marionette" "--remote-debugging-port" "60445" "--remote-allow-hosts" "localhost" "-foreground" "-no-remote" "-profile" "/var/folders/b4/kr9ljq_j5y58cyyxtwq1zh6h0000gn/T/rust_mozprofile9R6GxZ"
2022-08-11 11:09:06.687 plugin-container[46622:1344968] nil host used in call to allowsSpecificHTTPSCertificateForHost
2022-08-11 11:09:06.687 plugin-container[46622:1344968] nil host used in call to allowsAnyHTTPSCertificateForHost:
2022-08-11 11:09:06.690 plugin-container[46622:1344968] nil host used in call to allowsSpecificHTTPSCertificateForHost
2022-08-11 11:09:06.691 plugin-container[46622:1344968] nil host used in call to allowsAnyHTTPSCertificateForHost:
2022-08-11 11:09:06.691 plugin-container[46622:1344963] nil host used in call to allowsSpecificHTTPSCertificateForHost
2022-08-11 11:09:06.691 plugin-container[46622:1344963] nil host used in call to allowsAnyHTTPSCertificateForHost:
1660234146783	Marionette	INFO	Marionette enabled
1660234146813	Marionette	INFO	Listening on port 60452
WebDriver BiDi listening on ws://localhost:60445
Read port: 60452
1660234147045	RemoteAgent	WARN	TLS certificate errors will be ignored for this session
console.warn: SearchSettings: "get: No settings file exists, new profile?" (new NotFoundError("Could not open the file at /var/folders/b4/kr9ljq_j5y58cyyxtwq1zh6h0000gn/T/rust_mozprofile9R6GxZ/search.json.mozlz4", (void 0)))
DevTools listening on ws://localhost:60445/devtools/browser/4e224dfe-7c0f-4d4b-b118-683d1f0ff839
1660234151861	Marionette	WARN	Ignoring event 'pageshow' because document has an invalid readyState of 'uninitialized'.
1660234152143	Marionette	INFO	Stopped listening on port 60452
1660234152728	geckodriver	INFO	Listening on 127.0.0.1:60507
1660234153244	mozrunner::runner	INFO	Running command: "/Applications/Firefox.app/Contents/MacOS/firefox-bin" "--marionette" "--remote-debugging-port" "60508" "--remote-allow-hosts" "localhost" "-foreground" "-no-remote" "-profile" "/var/folders/b4/kr9ljq_j5y58cyyxtwq1zh6h0000gn/T/rust_mozprofileS4eHKw"
2022-08-11 11:09:13.604 plugin-container[46632:1345327] nil host used in call to allowsSpecificHTTPSCertificateForHost
2022-08-11 11:09:13.604 plugin-container[46632:1345327] nil host used in call to allowsAnyHTTPSCertificateForHost:
2022-08-11 11:09:13.607 plugin-container[46632:1345327] nil host used in call to allowsSpecificHTTPSCertificateForHost
2022-08-11 11:09:13.607 plugin-container[46632:1345327] nil host used in call to allowsAnyHTTPSCertificateForHost:
2022-08-11 11:09:13.608 plugin-container[46632:1345337] nil host used in call to allowsSpecificHTTPSCertificateForHost
2022-08-11 11:09:13.608 plugin-container[46632:1345337] nil host used in call to allowsAnyHTTPSCertificateForHost:
1660234153707	Marionette	INFO	Marionette enabled
1660234153736	Marionette	INFO	Listening on port 60516
WebDriver BiDi listening on ws://localhost:60508
Read port: 60516
1660234153963	RemoteAgent	WARN	TLS certificate errors will be ignored for this session
console.warn: SearchSettings: "get: No settings file exists, new profile?" (new NotFoundError("Could not open the file at /var/folders/b4/kr9ljq_j5y58cyyxtwq1zh6h0000gn/T/rust_mozprofileS4eHKw/search.json.mozlz4", (void 0)))
DevTools listening on ws://localhost:60508/devtools/browser/de09663a-fa8a-4aab-b9ed-9627a2bd8d4d
JavaScript error: resource://gre/modules/URIFixup.jsm, line 278: NS_ERROR_FAILURE: Should pass a non-null uri
1660234158324	Marionette	WARN	Ignoring event 'pageshow' because document has an invalid readyState of 'uninitialized'.
1660234158613	Marionette	INFO	Stopped listening on port 60516
1660234186411	geckodriver	INFO	Listening on 127.0.0.1:60579
1660234186922	mozrunner::runner	INFO	Running command: "/Applications/Firefox.app/Contents/MacOS/firefox-bin" "--marionette" "--remote-debugging-port" "60580" "--remote-allow-hosts" "localhost" "-foreground" "-no-remote" "-profile" "/var/folders/b4/kr9ljq_j5y58cyyxtwq1zh6h0000gn/T/rust_mozprofileYfGmys"
2022-08-11 11:09:47.292 plugin-container[46652:1345939] nil host used in call to allowsSpecificHTTPSCertificateForHost
2022-08-11 11:09:47.292 plugin-container[46652:1345939] nil host used in call to allowsAnyHTTPSCertificateForHost:
2022-08-11 11:09:47.296 plugin-container[46652:1345939] nil host used in call to allowsSpecificHTTPSCertificateForHost
2022-08-11 11:09:47.296 plugin-container[46652:1345939] nil host used in call to allowsAnyHTTPSCertificateForHost:
2022-08-11 11:09:47.296 plugin-container[46652:1345946] nil host used in call to allowsSpecificHTTPSCertificateForHost
2022-08-11 11:09:47.297 plugin-container[46652:1345946] nil host used in call to allowsAnyHTTPSCertificateForHost:
1660234187407	Marionette	INFO	Marionette enabled
1660234187436	Marionette	INFO	Listening on port 60587
WebDriver BiDi listening on ws://localhost:60580
Read port: 60587
1660234187673	RemoteAgent	WARN	TLS certificate errors will be ignored for this session
console.warn: SearchSettings: "get: No settings file exists, new profile?" (new NotFoundError("Could not open the file at /var/folders/b4/kr9ljq_j5y58cyyxtwq1zh6h0000gn/T/rust_mozprofileYfGmys/search.json.mozlz4", (void 0)))
DevTools listening on ws://localhost:60580/devtools/browser/3e2cf6af-afc8-4d00-add8-a04e0996d7eb
JavaScript error: resource://gre/modules/URIFixup.jsm, line 278: NS_ERROR_FAILURE: Should pass a non-null uri
1660234192021	Marionette	WARN	Ignoring event 'pageshow' because document has an invalid readyState of 'uninitialized'.
1660234192337	geckodriver	INFO	Listening on 127.0.0.1:60643
1660234192846	mozrunner::runner	INFO	Running command: "/Applications/Firefox.app/Contents/MacOS/firefox-bin" "--marionette" "--remote-debugging-port" "60644" "--remote-allow-hosts" "localhost" "-foreground" "-no-remote" "-profile" "/var/folders/b4/kr9ljq_j5y58cyyxtwq1zh6h0000gn/T/rust_mozprofileSLqPgK"
2022-08-11 11:09:53.198 plugin-container[46670:1346332] nil host used in call to allowsSpecificHTTPSCertificateForHost
2022-08-11 11:09:53.199 plugin-container[46670:1346332] nil host used in call to allowsAnyHTTPSCertificateForHost:
2022-08-11 11:09:53.203 plugin-container[46670:1346332] nil host used in call to allowsSpecificHTTPSCertificateForHost
2022-08-11 11:09:53.203 plugin-container[46670:1346332] nil host used in call to allowsAnyHTTPSCertificateForHost:
2022-08-11 11:09:53.203 plugin-container[46670:1346335] nil host used in call to allowsSpecificHTTPSCertificateForHost
2022-08-11 11:09:53.203 plugin-container[46670:1346335] nil host used in call to allowsAnyHTTPSCertificateForHost:
1660234193216	Marionette	INFO	Marionette enabled
1660234193251	Marionette	INFO	Listening on port 60653
Read port: 60653
WebDriver BiDi listening on ws://localhost:60644
1660234193611	RemoteAgent	WARN	TLS certificate errors will be ignored for this session
console.warn: SearchSettings: "get: No settings file exists, new profile?" (new NotFoundError("Could not open the file at /var/folders/b4/kr9ljq_j5y58cyyxtwq1zh6h0000gn/T/rust_mozprofileSLqPgK/search.json.mozlz4", (void 0)))
DevTools listening on ws://localhost:60644/devtools/browser/a374ef92-c499-4d40-83cd-5236d033a072
1660234198155	Marionette	WARN	Ignoring event 'pageshow' because document has an invalid readyState of 'uninitialized'.
1660234254010	Marionette	INFO	Stopped listening on port 60587
console.warn: TopSitesFeed: Failed to fetch data from Contile server: NetworkError when attempting to fetch resource.
1660234255651	Marionette	INFO	Stopped listening on port 60653
console.warn: TopSitesFeed: Failed to fetch data from Contile server: NetworkError when attempting to fetch resource.
